WARNING 2020-07-09 18:19:16,633 base 93 Not Found: /
WARNING 2020-07-09 18:19:16,633 basehttp 124 "GET / HTTP/1.1" 404 2049
INFO 2020-07-09 18:19:26,562 basehttp 124 "GET /admin/ HTTP/1.1" 302 0
INFO 2020-07-09 18:19:26,622 basehttp 124 "GET /admin/login/?next=/admin/ HTTP/1.1" 200 1855
INFO 2020-07-09 18:19:26,644 basehttp 124 "GET /static/admin/css/responsive.css HTTP/1.1" 304 0
INFO 2020-07-09 18:19:26,645 basehttp 124 "GET /static/admin/css/base.css HTTP/1.1" 304 0
INFO 2020-07-09 18:19:26,646 basehttp 124 "GET /static/admin/css/login.css HTTP/1.1" 304 0
INFO 2020-07-09 18:19:27,630 basehttp 124 "GET /admin/ HTTP/1.1" 302 0
INFO 2020-07-09 18:19:27,648 basehttp 124 "GET /admin/login/?next=/admin/ HTTP/1.1" 200 1855
INFO 2020-07-09 18:19:27,672 basehttp 124 "GET /static/admin/css/fonts.css HTTP/1.1" 304 0
INFO 2020-07-09 18:19:27,752 basehttp 124 "GET /static/admin/fonts/Roboto-Regular-webfont.woff HTTP/1.1" 304 0
INFO 2020-07-09 18:19:27,752 basehttp 124 "GET /static/admin/fonts/Roboto-Light-webfont.woff HTTP/1.1" 304 0
INFO 2020-07-09 18:19:36,729 basehttp 124 "POST /admin/login/?next=/admin/ HTTP/1.1" 302 0
INFO 2020-07-09 18:19:36,750 basehttp 124 "GET /admin/ HTTP/1.1" 200 3639
INFO 2020-07-09 18:19:36,766 basehttp 124 "GET /static/admin/css/dashboard.css HTTP/1.1" 304 0
INFO 2020-07-09 18:19:36,776 basehttp 124 "GET /static/admin/img/icon-addlink.svg HTTP/1.1" 304 0
INFO 2020-07-09 18:19:36,777 basehttp 124 "GET /static/admin/img/icon-changelink.svg HTTP/1.1" 304 0
INFO 2020-07-09 18:19:36,796 basehttp 124 "GET /static/admin/fonts/Roboto-Bold-webfont.woff HTTP/1.1" 304 0
INFO 2020-07-09 18:19:41,578 basehttp 124 "GET /admin/auth/group/ HTTP/1.1" 200 3584
INFO 2020-07-09 18:19:41,599 basehttp 124 "GET /static/admin/css/changelists.css HTTP/1.1" 304 0
INFO 2020-07-09 18:19:41,614 basehttp 124 "GET /static/admin/js/vendor/jquery/jquery.js HTTP/1.1" 304 0
INFO 2020-07-09 18:19:41,617 basehttp 124 "GET /static/admin/js/jquery.init.js HTTP/1.1" 304 0
INFO 2020-07-09 18:19:41,618 basehttp 124 "GET /static/admin/js/core.js HTTP/1.1" 304 0
INFO 2020-07-09 18:19:41,621 basehttp 124 "GET /static/admin/js/admin/RelatedObjectLookups.js HTTP/1.1" 304 0
INFO 2020-07-09 18:19:41,622 basehttp 124 "GET /static/admin/js/actions.js HTTP/1.1" 304 0
INFO 2020-07-09 18:19:41,622 basehttp 124 "GET /static/admin/js/vendor/xregexp/xregexp.js HTTP/1.1" 304 0
INFO 2020-07-09 18:19:41,624 basehttp 124 "GET /admin/jsi18n/ HTTP/1.1" 200 3185
INFO 2020-07-09 18:19:41,648 basehttp 124 "GET /static/admin/js/urlify.js HTTP/1.1" 304 0
INFO 2020-07-09 18:19:41,648 basehttp 124 "GET /static/admin/js/prepopulate.js HTTP/1.1" 304 0
INFO 2020-07-09 18:19:41,677 basehttp 124 "GET /static/admin/img/search.svg HTTP/1.1" 200 458
INFO 2020-07-09 18:19:41,686 basehttp 124 "GET /static/admin/img/tooltag-add.svg HTTP/1.1" 304 0
INFO 2020-07-09 18:19:45,383 basehttp 124 "GET /admin/ HTTP/1.1" 200 3639
INFO 2020-07-09 18:20:28,275 basehttp 124 "GET /admin/home/navigation/ HTTP/1.1" 200 3243
INFO 2020-07-09 18:20:28,306 basehttp 124 "GET /admin/jsi18n/ HTTP/1.1" 200 3185
INFO 2020-07-09 18:20:29,629 basehttp 124 "GET /admin/ HTTP/1.1" 200 3639
INFO 2020-07-09 18:20:32,453 basehttp 124 "GET /admin/auth/group/ HTTP/1.1" 200 3584
INFO 2020-07-09 18:20:32,478 basehttp 124 "GET /admin/jsi18n/ HTTP/1.1" 200 3185
INFO 2020-07-09 18:20:34,089 basehttp 124 "GET /admin/ HTTP/1.1" 200 3639
INFO 2020-07-09 18:22:21,455 basehttp 124 "GET /admin/home/navigation/ HTTP/1.1" 200 3243
INFO 2020-07-09 18:22:21,484 basehttp 124 "GET /admin/jsi18n/ HTTP/1.1" 200 3185
INFO 2020-07-09 18:22:23,497 basehttp 124 "GET /admin/ HTTP/1.1" 200 3639
INFO 2020-07-09 18:22:24,791 basehttp 124 "GET /admin/home/navigation/add/ HTTP/1.1" 200 6758
INFO 2020-07-09 18:22:24,814 basehttp 124 "GET /static/admin/css/forms.css HTTP/1.1" 304 0
INFO 2020-07-09 18:22:24,822 basehttp 124 "GET /static/admin/js/change_form.js HTTP/1.1" 304 0
INFO 2020-07-09 18:22:24,823 basehttp 124 "GET /static/admin/js/prepopulate_init.js HTTP/1.1" 304 0
INFO 2020-07-09 18:22:24,825 basehttp 124 "GET /static/admin/css/widgets.css HTTP/1.1" 304 0
INFO 2020-07-09 18:22:24,828 basehttp 124 "GET /admin/jsi18n/ HTTP/1.1" 200 3185
INFO 2020-07-09 18:22:27,737 basehttp 124 "GET /admin/ HTTP/1.1" 200 3639
INFO 2020-07-09 18:22:29,377 basehttp 124 "GET /admin/auth/group/add/ HTTP/1.1" 200 6826
INFO 2020-07-09 18:22:29,406 basehttp 124 "GET /admin/jsi18n/ HTTP/1.1" 200 3185
INFO 2020-07-09 18:22:29,410 basehttp 124 "GET /static/admin/js/SelectBox.js HTTP/1.1" 200 5755
INFO 2020-07-09 18:22:29,418 basehttp 124 "GET /static/admin/js/SelectFilter2.js HTTP/1.1" 200 12680
INFO 2020-07-09 18:22:29,452 basehttp 124 "GET /static/admin/img/icon-unknown.svg HTTP/1.1" 200 655
INFO 2020-07-09 18:22:29,454 basehttp 124 "GET /static/admin/img/icon-unknown-alt.svg HTTP/1.1" 200 655
INFO 2020-07-09 18:22:29,454 basehttp 124 "GET /static/admin/img/selector-icons.svg HTTP/1.1" 200 3291
INFO 2020-07-09 18:22:33,359 basehttp 124 "GET /admin/ HTTP/1.1" 200 3639
INFO 2020-07-09 18:22:34,628 basehttp 124 "GET /admin/auth/group/ HTTP/1.1" 200 3584
INFO 2020-07-09 18:22:34,654 basehttp 124 "GET /admin/jsi18n/ HTTP/1.1" 200 3185
INFO 2020-07-09 18:22:36,648 basehttp 124 "GET /admin/ HTTP/1.1" 200 3639
INFO 2020-07-09 18:24:14,770 basehttp 124 "GET /admin/home/navigation/ HTTP/1.1" 200 3243
INFO 2020-07-09 18:24:14,796 basehttp 124 "GET /admin/jsi18n/ HTTP/1.1" 200 3185
INFO 2020-07-09 18:24:16,903 basehttp 124 "GET /admin/home/navigation/add/ HTTP/1.1" 200 6758
INFO 2020-07-09 18:24:16,930 basehttp 124 "GET /admin/jsi18n/ HTTP/1.1" 200 3185
INFO 2020-07-09 18:24:29,166 basehttp 124 "GET /admin/home/navigation/ HTTP/1.1" 200 3243
INFO 2020-07-09 18:24:29,914 basehttp 124 "GET /admin/ HTTP/1.1" 200 3639
INFO 2020-07-09 18:24:31,020 basehttp 124 "GET /admin/home/banner/ HTTP/1.1" 200 3250
INFO 2020-07-09 18:24:31,043 basehttp 124 "GET /admin/jsi18n/ HTTP/1.1" 200 3185
INFO 2020-07-09 18:24:32,587 basehttp 124 "GET /admin/home/banner/add/ HTTP/1.1" 200 6276
INFO 2020-07-09 18:24:32,612 basehttp 124 "GET /admin/jsi18n/ HTTP/1.1" 200 3185
INFO 2020-07-09 18:26:16,389 basehttp 124 "GET /admin/home/ HTTP/1.1" 200 2802
INFO 2020-07-09 18:26:18,154 basehttp 124 "GET /admin/ HTTP/1.1" 200 3639
INFO 2020-07-09 18:26:20,732 basehttp 124 "GET /admin/auth/group/ HTTP/1.1" 200 3584
INFO 2020-07-09 18:26:20,757 basehttp 124 "GET /admin/jsi18n/ HTTP/1.1" 200 3185
INFO 2020-07-09 18:26:22,025 basehttp 124 "GET /admin/ HTTP/1.1" 200 3639
INFO 2020-07-09 18:27:34,964 basehttp 124 "GET /admin/home/ HTTP/1.1" 200 2802
INFO 2020-07-09 18:27:36,600 basehttp 124 "GET /admin/home/banner/add/ HTTP/1.1" 200 6276
INFO 2020-07-09 18:27:37,725 basehttp 124 "GET /admin/home/banner/ HTTP/1.1" 200 3250
INFO 2020-07-09 18:27:44,756 basehttp 124 "GET /admin/password_change/ HTTP/1.1" 200 2793
INFO 2020-07-09 18:28:06,317 basehttp 124 "POST /admin/password_change/ HTTP/1.1" 200 2945
INFO 2020-07-09 18:29:01,598 basehttp 124 "POST /admin/password_change/ HTTP/1.1" 200 2945
INFO 2020-07-09 18:29:06,408 basehttp 124 "POST /admin/password_change/ HTTP/1.1" 200 2945
INFO 2020-07-09 18:29:09,615 basehttp 124 "POST /admin/password_change/ HTTP/1.1" 200 2945
INFO 2020-07-09 18:29:10,381 basehttp 124 "GET /admin/logout/ HTTP/1.1" 200 1215
INFO 2020-07-09 18:29:12,839 basehttp 124 "GET /admin/ HTTP/1.1" 302 0
INFO 2020-07-09 18:29:12,856 basehttp 124 "GET /admin/login/?next=/admin/ HTTP/1.1" 200 1855
INFO 2020-07-09 18:29:21,018 basehttp 124 "POST /admin/login/?next=/admin/ HTTP/1.1" 302 0
INFO 2020-07-09 18:29:21,035 basehttp 124 "GET /admin/ HTTP/1.1" 200 3639
INFO 2020-07-09 18:29:22,323 basehttp 124 "GET /admin/password_change/ HTTP/1.1" 200 2793
INFO 2020-07-09 18:29:36,356 basehttp 124 "POST /admin/password_change/ HTTP/1.1" 200 2945
INFO 2020-07-09 18:30:00,348 basehttp 124 "POST /admin/password_change/ HTTP/1.1" 200 2967
INFO 2020-07-09 18:30:09,858 basehttp 124 "GET /admin/ HTTP/1.1" 200 3639
WARNING 2020-07-09 18:32:58,960 base 93 Not Found: /
WARNING 2020-07-09 18:32:58,961 basehttp 124 "GET / HTTP/1.1" 404 2154
ERROR 2020-07-09 18:33:12,209 exception 118 Internal Server Error: /home/banner/
Traceback (most recent call last):
  File "D:\Software path\Python3.68\lib\site-packages\rest_framework\views.py", line 494, in dispatch
    response = handler(request, *args, **kwargs)
  File "D:\Software path\Python3.68\lib\site-packages\rest_framework\generics.py", line 199, in get
    return self.list(request, *args, **kwargs)
  File "D:\Software path\Python3.68\lib\site-packages\rest_framework\mixins.py", line 38, in list
    queryset = self.filter_queryset(self.get_queryset())
  File "D:\Software path\Python3.68\lib\site-packages\rest_framework\generics.py", line 66, in get_queryset
    % self.__class__.__name__
AssertionError: 'BannerListAPIView' should either include a `queryset` attribute, or override the `get_queryset()` method.

During handling of the above exception, another exception occurred:

Traceback (most recent call last):
  File "D:\Software path\Python3.68\lib\site-packages\rest_framework\settings.py", line 177, in import_from_string
    return import_string(val)
  File "D:\Software path\Python3.68\lib\site-packages\django\utils\module_loading.py", line 17, in import_string
    module = import_module(module_path)
  File "D:\Software path\Python3.68\lib\importlib\__init__.py", line 126, in import_module
    return _bootstrap._gcd_import(name[level:], package, level)
  File "<frozen importlib._bootstrap>", line 994, in _gcd_import
  File "<frozen importlib._bootstrap>", line 971, in _find_and_load
  File "<frozen importlib._bootstrap>", line 941, in _find_and_load_unlocked
  File "<frozen importlib._bootstrap>", line 219, in _call_with_frames_removed
  File "<frozen importlib._bootstrap>", line 994, in _gcd_import
  File "<frozen importlib._bootstrap>", line 971, in _find_and_load
  File "<frozen importlib._bootstrap>", line 953, in _find_and_load_unlocked
ModuleNotFoundError: No module named 'utils'

During handling of the above exception, another exception occurred:

Traceback (most recent call last):
  File "D:\Software path\Python3.68\lib\site-packages\django\core\handlers\exception.py", line 35, in inner
    response = get_response(request)
  File "D:\Software path\Python3.68\lib\site-packages\django\core\handlers\base.py", line 128, in _get_response
    response = self.process_exception_by_middleware(e, request)
  File "D:\Software path\Python3.68\lib\site-packages\django\core\handlers\base.py", line 126, in _get_response
    response = wrapped_callback(request, *callback_args, **callback_kwargs)
  File "D:\Software path\Python3.68\lib\site-packages\django\views\decorators\csrf.py", line 54, in wrapped_view
    return view_func(*args, **kwargs)
  File "D:\Software path\Python3.68\lib\site-packages\django\views\generic\base.py", line 69, in view
    return self.dispatch(request, *args, **kwargs)
  File "D:\Software path\Python3.68\lib\site-packages\rest_framework\views.py", line 497, in dispatch
    response = self.handle_exception(exc)
  File "D:\Software path\Python3.68\lib\site-packages\rest_framework\views.py", line 451, in handle_exception
    exception_handler = self.get_exception_handler()
  File "D:\Software path\Python3.68\lib\site-packages\rest_framework\views.py", line 298, in get_exception_handler
    return self.settings.EXCEPTION_HANDLER
  File "D:\Software path\Python3.68\lib\site-packages\rest_framework\settings.py", line 220, in __getattr__
    val = perform_import(val, attr)
  File "D:\Software path\Python3.68\lib\site-packages\rest_framework\settings.py", line 166, in perform_import
    return import_from_string(val, setting_name)
  File "D:\Software path\Python3.68\lib\site-packages\rest_framework\settings.py", line 180, in import_from_string
    raise ImportError(msg)
ImportError: Could not import 'utils.exceptions.my_exception_handler' for API setting 'EXCEPTION_HANDLER'. ModuleNotFoundError: No module named 'utils'.
ERROR 2020-07-09 18:33:12,278 basehttp 124 "GET /home/banner/ HTTP/1.1" 500 138267
ERROR 2020-07-09 18:34:43,098 exception 118 Internal Server Error: /home/banner/
Traceback (most recent call last):
  File "D:\Software path\Python3.68\lib\site-packages\django\core\handlers\exception.py", line 35, in inner
    response = get_response(request)
  File "D:\Software path\Python3.68\lib\site-packages\django\core\handlers\base.py", line 128, in _get_response
    response = self.process_exception_by_middleware(e, request)
  File "D:\Software path\Python3.68\lib\site-packages\django\core\handlers\base.py", line 126, in _get_response
    response = wrapped_callback(request, *callback_args, **callback_kwargs)
  File "D:\Software path\Python3.68\lib\site-packages\django\views\decorators\csrf.py", line 54, in wrapped_view
    return view_func(*args, **kwargs)
  File "D:\Software path\Python3.68\lib\site-packages\django\views\generic\base.py", line 69, in view
    return self.dispatch(request, *args, **kwargs)
  File "D:\Software path\Python3.68\lib\site-packages\rest_framework\views.py", line 497, in dispatch
    response = self.handle_exception(exc)
  File "D:\Software path\Python3.68\lib\site-packages\rest_framework\views.py", line 457, in handle_exception
    self.raise_uncaught_exception(exc)
  File "D:\Software path\Python3.68\lib\site-packages\rest_framework\views.py", line 468, in raise_uncaught_exception
    raise exc
  File "D:\Software path\Python3.68\lib\site-packages\rest_framework\views.py", line 494, in dispatch
    response = handler(request, *args, **kwargs)
  File "D:\Software path\Python3.68\lib\site-packages\rest_framework\generics.py", line 199, in get
    return self.list(request, *args, **kwargs)
  File "D:\Software path\Python3.68\lib\site-packages\rest_framework\mixins.py", line 38, in list
    queryset = self.filter_queryset(self.get_queryset())
  File "D:\Software path\Python3.68\lib\site-packages\rest_framework\generics.py", line 66, in get_queryset
    % self.__class__.__name__
AssertionError: 'BannerListAPIView' should either include a `queryset` attribute, or override the `get_queryset()` method.
ERROR 2020-07-09 18:34:43,130 basehttp 124 "GET /home/banner/ HTTP/1.1" 500 103141
ERROR 2020-07-09 18:34:43,974 exception 118 Internal Server Error: /home/banner/
Traceback (most recent call last):
  File "D:\Software path\Python3.68\lib\site-packages\django\core\handlers\exception.py", line 35, in inner
    response = get_response(request)
  File "D:\Software path\Python3.68\lib\site-packages\django\core\handlers\base.py", line 128, in _get_response
    response = self.process_exception_by_middleware(e, request)
  File "D:\Software path\Python3.68\lib\site-packages\django\core\handlers\base.py", line 126, in _get_response
    response = wrapped_callback(request, *callback_args, **callback_kwargs)
  File "D:\Software path\Python3.68\lib\site-packages\django\views\decorators\csrf.py", line 54, in wrapped_view
    return view_func(*args, **kwargs)
  File "D:\Software path\Python3.68\lib\site-packages\django\views\generic\base.py", line 69, in view
    return self.dispatch(request, *args, **kwargs)
  File "D:\Software path\Python3.68\lib\site-packages\rest_framework\views.py", line 497, in dispatch
    response = self.handle_exception(exc)
  File "D:\Software path\Python3.68\lib\site-packages\rest_framework\views.py", line 457, in handle_exception
    self.raise_uncaught_exception(exc)
  File "D:\Software path\Python3.68\lib\site-packages\rest_framework\views.py", line 468, in raise_uncaught_exception
    raise exc
  File "D:\Software path\Python3.68\lib\site-packages\rest_framework\views.py", line 494, in dispatch
    response = handler(request, *args, **kwargs)
  File "D:\Software path\Python3.68\lib\site-packages\rest_framework\generics.py", line 199, in get
    return self.list(request, *args, **kwargs)
  File "D:\Software path\Python3.68\lib\site-packages\rest_framework\mixins.py", line 38, in list
    queryset = self.filter_queryset(self.get_queryset())
  File "D:\Software path\Python3.68\lib\site-packages\rest_framework\generics.py", line 66, in get_queryset
    % self.__class__.__name__
AssertionError: 'BannerListAPIView' should either include a `queryset` attribute, or override the `get_queryset()` method.
ERROR 2020-07-09 18:34:44,003 basehttp 124 "GET /home/banner/ HTTP/1.1" 500 103142
INFO 2020-07-09 18:37:25,397 basehttp 124 "GET /home/banner/ HTTP/1.1" 200 5256
INFO 2020-07-09 18:38:17,792 basehttp 124 "GET /home/banner/ HTTP/1.1" 200 5256
INFO 2020-07-09 18:38:18,564 basehttp 124 "GET /home/banner/ HTTP/1.1" 200 5256
INFO 2020-07-09 18:38:18,754 basehttp 124 "GET /home/banner/ HTTP/1.1" 200 5256
INFO 2020-07-09 18:38:19,142 basehttp 124 "GET /home/banner/ HTTP/1.1" 200 5256
INFO 2020-07-09 18:38:19,279 basehttp 124 "GET /home/banner/ HTTP/1.1" 200 5256
INFO 2020-07-09 18:38:19,614 basehttp 124 "GET /home/banner/ HTTP/1.1" 200 5256
INFO 2020-07-09 18:38:19,814 basehttp 124 "GET /home/banner/ HTTP/1.1" 200 5256
INFO 2020-07-09 18:38:19,965 basehttp 124 "GET /home/banner/ HTTP/1.1" 200 5256
INFO 2020-07-09 18:38:20,201 basehttp 124 "GET /home/banner/ HTTP/1.1" 200 5256
INFO 2020-07-09 18:38:20,366 basehttp 124 "GET /home/banner/ HTTP/1.1" 200 5256
INFO 2020-07-09 18:38:30,198 basehttp 124 "GET /home/banner/ HTTP/1.1" 200 5256
INFO 2020-07-09 18:38:30,835 basehttp 124 "GET /home/banner/ HTTP/1.1" 200 5256
INFO 2020-07-09 18:38:31,007 basehttp 124 "GET /home/banner/ HTTP/1.1" 200 5256
INFO 2020-07-09 18:38:31,192 basehttp 124 "GET /home/banner/ HTTP/1.1" 200 5256
INFO 2020-07-09 18:38:31,348 basehttp 124 "GET /home/banner/ HTTP/1.1" 200 5256
INFO 2020-07-09 18:38:31,512 basehttp 124 "GET /home/banner/ HTTP/1.1" 200 5256
INFO 2020-07-09 18:38:31,761 basehttp 124 "GET /home/banner/ HTTP/1.1" 200 5256
INFO 2020-07-09 18:38:31,971 basehttp 124 "GET /home/banner/ HTTP/1.1" 200 5256
INFO 2020-07-09 18:38:32,184 basehttp 124 "GET /home/banner/ HTTP/1.1" 200 5256
INFO 2020-07-09 18:38:32,663 basehttp 124 "GET /home/banner/ HTTP/1.1" 200 5256
INFO 2020-07-09 18:38:32,823 basehttp 124 "GET /home/banner/ HTTP/1.1" 200 5256
INFO 2020-07-09 18:38:32,999 basehttp 124 "GET /home/banner/ HTTP/1.1" 200 5256
INFO 2020-07-09 18:38:33,174 basehttp 124 "GET /home/banner/ HTTP/1.1" 200 5256
INFO 2020-07-09 18:38:33,368 basehttp 124 "GET /home/banner/ HTTP/1.1" 200 5256
INFO 2020-07-09 18:38:33,528 basehttp 124 "GET /home/banner/ HTTP/1.1" 200 5256
INFO 2020-07-09 18:38:33,686 basehttp 124 "GET /home/banner/ HTTP/1.1" 200 5256
INFO 2020-07-09 18:38:33,871 basehttp 124 "GET /home/banner/ HTTP/1.1" 200 5256
INFO 2020-07-09 18:38:34,061 basehttp 124 "GET /home/banner/ HTTP/1.1" 200 5256
INFO 2020-07-09 18:38:34,224 basehttp 124 "GET /home/banner/ HTTP/1.1" 200 5256
INFO 2020-07-09 18:38:34,393 basehttp 124 "GET /home/banner/ HTTP/1.1" 200 5256
INFO 2020-07-09 18:38:34,565 basehttp 124 "GET /home/banner/ HTTP/1.1" 200 5256
INFO 2020-07-09 18:38:34,749 basehttp 124 "GET /home/banner/ HTTP/1.1" 200 5256
INFO 2020-07-09 18:38:34,923 basehttp 124 "GET /home/banner/ HTTP/1.1" 200 5256
INFO 2020-07-09 18:38:35,107 basehttp 124 "GET /home/banner/ HTTP/1.1" 200 5256
INFO 2020-07-09 18:38:35,303 basehttp 124 "GET /home/banner/ HTTP/1.1" 200 5256
ERROR 2020-07-09 18:39:11,482 exception 118 Internal Server Error: /home/banner/
Traceback (most recent call last):
  File "D:\Software path\Python3.68\lib\site-packages\rest_framework\views.py", line 494, in dispatch
    response = handler(request, *args, **kwargs)
  File "D:\Software path\Python3.68\lib\site-packages\rest_framework\generics.py", line 199, in get
    return self.list(request, *args, **kwargs)
  File "D:\Software path\Python3.68\lib\site-packages\rest_framework\mixins.py", line 38, in list
    queryset = self.filter_queryset(self.get_queryset())
  File "D:\Software path\Python3.68\lib\site-packages\rest_framework\generics.py", line 66, in get_queryset
    % self.__class__.__name__
AssertionError: 'BannerListAPIView' should either include a `queryset` attribute, or override the `get_queryset()` method.

During handling of the above exception, another exception occurred:

Traceback (most recent call last):
  File "D:\Software path\Python3.68\lib\site-packages\rest_framework\settings.py", line 177, in import_from_string
    return import_string(val)
  File "D:\Software path\Python3.68\lib\site-packages\django\utils\module_loading.py", line 17, in import_string
    module = import_module(module_path)
  File "D:\Software path\Python3.68\lib\importlib\__init__.py", line 126, in import_module
    return _bootstrap._gcd_import(name[level:], package, level)
  File "<frozen importlib._bootstrap>", line 994, in _gcd_import
  File "<frozen importlib._bootstrap>", line 971, in _find_and_load
  File "<frozen importlib._bootstrap>", line 941, in _find_and_load_unlocked
  File "<frozen importlib._bootstrap>", line 219, in _call_with_frames_removed
  File "<frozen importlib._bootstrap>", line 994, in _gcd_import
  File "<frozen importlib._bootstrap>", line 971, in _find_and_load
  File "<frozen importlib._bootstrap>", line 953, in _find_and_load_unlocked
ModuleNotFoundError: No module named 'butils'

During handling of the above exception, another exception occurred:

Traceback (most recent call last):
  File "D:\Software path\Python3.68\lib\site-packages\django\core\handlers\exception.py", line 35, in inner
    response = get_response(request)
  File "D:\Software path\Python3.68\lib\site-packages\django\core\handlers\base.py", line 128, in _get_response
    response = self.process_exception_by_middleware(e, request)
  File "D:\Software path\Python3.68\lib\site-packages\django\core\handlers\base.py", line 126, in _get_response
    response = wrapped_callback(request, *callback_args, **callback_kwargs)
  File "D:\Software path\Python3.68\lib\site-packages\django\views\decorators\csrf.py", line 54, in wrapped_view
    return view_func(*args, **kwargs)
  File "D:\Software path\Python3.68\lib\site-packages\django\views\generic\base.py", line 69, in view
    return self.dispatch(request, *args, **kwargs)
  File "D:\Software path\Python3.68\lib\site-packages\rest_framework\views.py", line 497, in dispatch
    response = self.handle_exception(exc)
  File "D:\Software path\Python3.68\lib\site-packages\rest_framework\views.py", line 451, in handle_exception
    exception_handler = self.get_exception_handler()
  File "D:\Software path\Python3.68\lib\site-packages\rest_framework\views.py", line 298, in get_exception_handler
    return self.settings.EXCEPTION_HANDLER
  File "D:\Software path\Python3.68\lib\site-packages\rest_framework\settings.py", line 220, in __getattr__
    val = perform_import(val, attr)
  File "D:\Software path\Python3.68\lib\site-packages\rest_framework\settings.py", line 166, in perform_import
    return import_from_string(val, setting_name)
  File "D:\Software path\Python3.68\lib\site-packages\rest_framework\settings.py", line 180, in import_from_string
    raise ImportError(msg)
ImportError: Could not import 'butils.exceptions.my_exception_handler' for API setting 'EXCEPTION_HANDLER'. ModuleNotFoundError: No module named 'butils'.
ERROR 2020-07-09 18:39:11,531 basehttp 124 "GET /home/banner/ HTTP/1.1" 500 138431
ERROR 2020-07-09 18:39:32,394 exception 118 Internal Server Error: /home/banner/
Traceback (most recent call last):
  File "D:\Software path\Python3.68\lib\site-packages\rest_framework\views.py", line 494, in dispatch
    response = handler(request, *args, **kwargs)
  File "D:\Software path\Python3.68\lib\site-packages\rest_framework\generics.py", line 199, in get
    return self.list(request, *args, **kwargs)
  File "D:\Software path\Python3.68\lib\site-packages\rest_framework\mixins.py", line 38, in list
    queryset = self.filter_queryset(self.get_queryset())
  File "D:\Software path\Python3.68\lib\site-packages\rest_framework\generics.py", line 66, in get_queryset
    % self.__class__.__name__
AssertionError: 'BannerListAPIView' should either include a `queryset` attribute, or override the `get_queryset()` method.

During handling of the above exception, another exception occurred:

Traceback (most recent call last):
  File "D:\Software path\Python3.68\lib\site-packages\rest_framework\settings.py", line 177, in import_from_string
    return import_string(val)
  File "D:\Software path\Python3.68\lib\site-packages\django\utils\module_loading.py", line 17, in import_string
    module = import_module(module_path)
  File "D:\Software path\Python3.68\lib\importlib\__init__.py", line 126, in import_module
    return _bootstrap._gcd_import(name[level:], package, level)
  File "<frozen importlib._bootstrap>", line 994, in _gcd_import
  File "<frozen importlib._bootstrap>", line 971, in _find_and_load
  File "<frozen importlib._bootstrap>", line 941, in _find_and_load_unlocked
  File "<frozen importlib._bootstrap>", line 219, in _call_with_frames_removed
  File "<frozen importlib._bootstrap>", line 994, in _gcd_import
  File "<frozen importlib._bootstrap>", line 971, in _find_and_load
  File "<frozen importlib._bootstrap>", line 953, in _find_and_load_unlocked
ModuleNotFoundError: No module named 'baizhi_drf.butils'

During handling of the above exception, another exception occurred:

Traceback (most recent call last):
  File "D:\Software path\Python3.68\lib\site-packages\django\core\handlers\exception.py", line 35, in inner
    response = get_response(request)
  File "D:\Software path\Python3.68\lib\site-packages\django\core\handlers\base.py", line 128, in _get_response
    response = self.process_exception_by_middleware(e, request)
  File "D:\Software path\Python3.68\lib\site-packages\django\core\handlers\base.py", line 126, in _get_response
    response = wrapped_callback(request, *callback_args, **callback_kwargs)
  File "D:\Software path\Python3.68\lib\site-packages\django\views\decorators\csrf.py", line 54, in wrapped_view
    return view_func(*args, **kwargs)
  File "D:\Software path\Python3.68\lib\site-packages\django\views\generic\base.py", line 69, in view
    return self.dispatch(request, *args, **kwargs)
  File "D:\Software path\Python3.68\lib\site-packages\rest_framework\views.py", line 497, in dispatch
    response = self.handle_exception(exc)
  File "D:\Software path\Python3.68\lib\site-packages\rest_framework\views.py", line 451, in handle_exception
    exception_handler = self.get_exception_handler()
  File "D:\Software path\Python3.68\lib\site-packages\rest_framework\views.py", line 298, in get_exception_handler
    return self.settings.EXCEPTION_HANDLER
  File "D:\Software path\Python3.68\lib\site-packages\rest_framework\settings.py", line 220, in __getattr__
    val = perform_import(val, attr)
  File "D:\Software path\Python3.68\lib\site-packages\rest_framework\settings.py", line 166, in perform_import
    return import_from_string(val, setting_name)
  File "D:\Software path\Python3.68\lib\site-packages\rest_framework\settings.py", line 180, in import_from_string
    raise ImportError(msg)
ImportError: Could not import 'baizhi_drf.butils.exceptions.my_exception_handler' for API setting 'EXCEPTION_HANDLER'. ModuleNotFoundError: No module named 'baizhi_drf.butils'.
ERROR 2020-07-09 18:39:32,444 basehttp 124 "GET /home/banner/ HTTP/1.1" 500 139142
ERROR 2020-07-09 18:39:33,214 exception 118 Internal Server Error: /home/banner/
Traceback (most recent call last):
  File "D:\Software path\Python3.68\lib\site-packages\rest_framework\views.py", line 494, in dispatch
    response = handler(request, *args, **kwargs)
  File "D:\Software path\Python3.68\lib\site-packages\rest_framework\generics.py", line 199, in get
    return self.list(request, *args, **kwargs)
  File "D:\Software path\Python3.68\lib\site-packages\rest_framework\mixins.py", line 38, in list
    queryset = self.filter_queryset(self.get_queryset())
  File "D:\Software path\Python3.68\lib\site-packages\rest_framework\generics.py", line 66, in get_queryset
    % self.__class__.__name__
AssertionError: 'BannerListAPIView' should either include a `queryset` attribute, or override the `get_queryset()` method.

During handling of the above exception, another exception occurred:

Traceback (most recent call last):
  File "D:\Software path\Python3.68\lib\site-packages\rest_framework\settings.py", line 177, in import_from_string
    return import_string(val)
  File "D:\Software path\Python3.68\lib\site-packages\django\utils\module_loading.py", line 17, in import_string
    module = import_module(module_path)
  File "D:\Software path\Python3.68\lib\importlib\__init__.py", line 126, in import_module
    return _bootstrap._gcd_import(name[level:], package, level)
  File "<frozen importlib._bootstrap>", line 994, in _gcd_import
  File "<frozen importlib._bootstrap>", line 971, in _find_and_load
  File "<frozen importlib._bootstrap>", line 941, in _find_and_load_unlocked
  File "<frozen importlib._bootstrap>", line 219, in _call_with_frames_removed
  File "<frozen importlib._bootstrap>", line 994, in _gcd_import
  File "<frozen importlib._bootstrap>", line 971, in _find_and_load
  File "<frozen importlib._bootstrap>", line 953, in _find_and_load_unlocked
ModuleNotFoundError: No module named 'baizhi_drf.butils'

During handling of the above exception, another exception occurred:

Traceback (most recent call last):
  File "D:\Software path\Python3.68\lib\site-packages\django\core\handlers\exception.py", line 35, in inner
    response = get_response(request)
  File "D:\Software path\Python3.68\lib\site-packages\django\core\handlers\base.py", line 128, in _get_response
    response = self.process_exception_by_middleware(e, request)
  File "D:\Software path\Python3.68\lib\site-packages\django\core\handlers\base.py", line 126, in _get_response
    response = wrapped_callback(request, *callback_args, **callback_kwargs)
  File "D:\Software path\Python3.68\lib\site-packages\django\views\decorators\csrf.py", line 54, in wrapped_view
    return view_func(*args, **kwargs)
  File "D:\Software path\Python3.68\lib\site-packages\django\views\generic\base.py", line 69, in view
    return self.dispatch(request, *args, **kwargs)
  File "D:\Software path\Python3.68\lib\site-packages\rest_framework\views.py", line 497, in dispatch
    response = self.handle_exception(exc)
  File "D:\Software path\Python3.68\lib\site-packages\rest_framework\views.py", line 451, in handle_exception
    exception_handler = self.get_exception_handler()
  File "D:\Software path\Python3.68\lib\site-packages\rest_framework\views.py", line 298, in get_exception_handler
    return self.settings.EXCEPTION_HANDLER
  File "D:\Software path\Python3.68\lib\site-packages\rest_framework\settings.py", line 220, in __getattr__
    val = perform_import(val, attr)
  File "D:\Software path\Python3.68\lib\site-packages\rest_framework\settings.py", line 166, in perform_import
    return import_from_string(val, setting_name)
  File "D:\Software path\Python3.68\lib\site-packages\rest_framework\settings.py", line 180, in import_from_string
    raise ImportError(msg)
ImportError: Could not import 'baizhi_drf.butils.exceptions.my_exception_handler' for API setting 'EXCEPTION_HANDLER'. ModuleNotFoundError: No module named 'baizhi_drf.butils'.
ERROR 2020-07-09 18:39:33,264 basehttp 124 "GET /home/banner/ HTTP/1.1" 500 139143
ERROR 2020-07-09 18:39:46,752 exception 118 Internal Server Error: /home/banner/
Traceback (most recent call last):
  File "D:\Software path\Python3.68\lib\site-packages\rest_framework\views.py", line 494, in dispatch
    response = handler(request, *args, **kwargs)
  File "D:\Software path\Python3.68\lib\site-packages\rest_framework\generics.py", line 199, in get
    return self.list(request, *args, **kwargs)
  File "D:\Software path\Python3.68\lib\site-packages\rest_framework\mixins.py", line 38, in list
    queryset = self.filter_queryset(self.get_queryset())
  File "D:\Software path\Python3.68\lib\site-packages\rest_framework\generics.py", line 66, in get_queryset
    % self.__class__.__name__
AssertionError: 'BannerListAPIView' should either include a `queryset` attribute, or override the `get_queryset()` method.

During handling of the above exception, another exception occurred:

Traceback (most recent call last):
  File "D:\Software path\Python3.68\lib\site-packages\rest_framework\settings.py", line 177, in import_from_string
    return import_string(val)
  File "D:\Software path\Python3.68\lib\site-packages\django\utils\module_loading.py", line 17, in import_string
    module = import_module(module_path)
  File "D:\Software path\Python3.68\lib\importlib\__init__.py", line 126, in import_module
    return _bootstrap._gcd_import(name[level:], package, level)
  File "<frozen importlib._bootstrap>", line 994, in _gcd_import
  File "<frozen importlib._bootstrap>", line 971, in _find_and_load
  File "<frozen importlib._bootstrap>", line 941, in _find_and_load_unlocked
  File "<frozen importlib._bootstrap>", line 219, in _call_with_frames_removed
  File "<frozen importlib._bootstrap>", line 994, in _gcd_import
  File "<frozen importlib._bootstrap>", line 971, in _find_and_load
  File "<frozen importlib._bootstrap>", line 953, in _find_and_load_unlocked
ModuleNotFoundError: No module named 'baizhi_drf.butils'

During handling of the above exception, another exception occurred:

Traceback (most recent call last):
  File "D:\Software path\Python3.68\lib\site-packages\django\core\handlers\exception.py", line 35, in inner
    response = get_response(request)
  File "D:\Software path\Python3.68\lib\site-packages\django\core\handlers\base.py", line 128, in _get_response
    response = self.process_exception_by_middleware(e, request)
  File "D:\Software path\Python3.68\lib\site-packages\django\core\handlers\base.py", line 126, in _get_response
    response = wrapped_callback(request, *callback_args, **callback_kwargs)
  File "D:\Software path\Python3.68\lib\site-packages\django\views\decorators\csrf.py", line 54, in wrapped_view
    return view_func(*args, **kwargs)
  File "D:\Software path\Python3.68\lib\site-packages\django\views\generic\base.py", line 69, in view
    return self.dispatch(request, *args, **kwargs)
  File "D:\Software path\Python3.68\lib\site-packages\rest_framework\views.py", line 497, in dispatch
    response = self.handle_exception(exc)
  File "D:\Software path\Python3.68\lib\site-packages\rest_framework\views.py", line 451, in handle_exception
    exception_handler = self.get_exception_handler()
  File "D:\Software path\Python3.68\lib\site-packages\rest_framework\views.py", line 298, in get_exception_handler
    return self.settings.EXCEPTION_HANDLER
  File "D:\Software path\Python3.68\lib\site-packages\rest_framework\settings.py", line 220, in __getattr__
    val = perform_import(val, attr)
  File "D:\Software path\Python3.68\lib\site-packages\rest_framework\settings.py", line 166, in perform_import
    return import_from_string(val, setting_name)
  File "D:\Software path\Python3.68\lib\site-packages\rest_framework\settings.py", line 180, in import_from_string
    raise ImportError(msg)
ImportError: Could not import 'baizhi_drf.butils.exceptions.my_exception_handler' for API setting 'EXCEPTION_HANDLER'. ModuleNotFoundError: No module named 'baizhi_drf.butils'.
ERROR 2020-07-09 18:39:46,792 basehttp 124 "GET /home/banner/ HTTP/1.1" 500 139142
ERROR 2020-07-09 18:39:47,481 exception 118 Internal Server Error: /home/banner/
Traceback (most recent call last):
  File "D:\Software path\Python3.68\lib\site-packages\rest_framework\views.py", line 494, in dispatch
    response = handler(request, *args, **kwargs)
  File "D:\Software path\Python3.68\lib\site-packages\rest_framework\generics.py", line 199, in get
    return self.list(request, *args, **kwargs)
  File "D:\Software path\Python3.68\lib\site-packages\rest_framework\mixins.py", line 38, in list
    queryset = self.filter_queryset(self.get_queryset())
  File "D:\Software path\Python3.68\lib\site-packages\rest_framework\generics.py", line 66, in get_queryset
    % self.__class__.__name__
AssertionError: 'BannerListAPIView' should either include a `queryset` attribute, or override the `get_queryset()` method.

During handling of the above exception, another exception occurred:

Traceback (most recent call last):
  File "D:\Software path\Python3.68\lib\site-packages\rest_framework\settings.py", line 177, in import_from_string
    return import_string(val)
  File "D:\Software path\Python3.68\lib\site-packages\django\utils\module_loading.py", line 17, in import_string
    module = import_module(module_path)
  File "D:\Software path\Python3.68\lib\importlib\__init__.py", line 126, in import_module
    return _bootstrap._gcd_import(name[level:], package, level)
  File "<frozen importlib._bootstrap>", line 994, in _gcd_import
  File "<frozen importlib._bootstrap>", line 971, in _find_and_load
  File "<frozen importlib._bootstrap>", line 941, in _find_and_load_unlocked
  File "<frozen importlib._bootstrap>", line 219, in _call_with_frames_removed
  File "<frozen importlib._bootstrap>", line 994, in _gcd_import
  File "<frozen importlib._bootstrap>", line 971, in _find_and_load
  File "<frozen importlib._bootstrap>", line 953, in _find_and_load_unlocked
ModuleNotFoundError: No module named 'baizhi_drf.butils'

During handling of the above exception, another exception occurred:

Traceback (most recent call last):
  File "D:\Software path\Python3.68\lib\site-packages\django\core\handlers\exception.py", line 35, in inner
    response = get_response(request)
  File "D:\Software path\Python3.68\lib\site-packages\django\core\handlers\base.py", line 128, in _get_response
    response = self.process_exception_by_middleware(e, request)
  File "D:\Software path\Python3.68\lib\site-packages\django\core\handlers\base.py", line 126, in _get_response
    response = wrapped_callback(request, *callback_args, **callback_kwargs)
  File "D:\Software path\Python3.68\lib\site-packages\django\views\decorators\csrf.py", line 54, in wrapped_view
    return view_func(*args, **kwargs)
  File "D:\Software path\Python3.68\lib\site-packages\django\views\generic\base.py", line 69, in view
    return self.dispatch(request, *args, **kwargs)
  File "D:\Software path\Python3.68\lib\site-packages\rest_framework\views.py", line 497, in dispatch
    response = self.handle_exception(exc)
  File "D:\Software path\Python3.68\lib\site-packages\rest_framework\views.py", line 451, in handle_exception
    exception_handler = self.get_exception_handler()
  File "D:\Software path\Python3.68\lib\site-packages\rest_framework\views.py", line 298, in get_exception_handler
    return self.settings.EXCEPTION_HANDLER
  File "D:\Software path\Python3.68\lib\site-packages\rest_framework\settings.py", line 220, in __getattr__
    val = perform_import(val, attr)
  File "D:\Software path\Python3.68\lib\site-packages\rest_framework\settings.py", line 166, in perform_import
    return import_from_string(val, setting_name)
  File "D:\Software path\Python3.68\lib\site-packages\rest_framework\settings.py", line 180, in import_from_string
    raise ImportError(msg)
ImportError: Could not import 'baizhi_drf.butils.exceptions.my_exception_handler' for API setting 'EXCEPTION_HANDLER'. ModuleNotFoundError: No module named 'baizhi_drf.butils'.
ERROR 2020-07-09 18:39:47,519 basehttp 124 "GET /home/banner/ HTTP/1.1" 500 139143
ERROR 2020-07-09 18:40:09,879 exceptions 10 <home.views.BannerListAPIView object at 0x000001F9D0593780> GET 'BannerListAPIView' should either include a `queryset` attribute, or override the `get_queryset()` method.
ERROR 2020-07-09 18:40:09,907 basehttp 124 "GET /home/banner/ HTTP/1.1" 500 5332
ERROR 2020-07-09 18:41:05,151 exceptions 10 <home.views.BannerListAPIView object at 0x000002BE4CCD7470> GET 'BannerListAPIView' should either include a `queryset` attribute, or override the `get_queryset()` method.
ERROR 2020-07-09 18:41:05,174 basehttp 124 "GET /home/banner/ HTTP/1.1" 500 5332
ERROR 2020-07-09 18:41:06,046 exceptions 10 <home.views.BannerListAPIView object at 0x000002BE4D54F630> GET 'BannerListAPIView' should either include a `queryset` attribute, or override the `get_queryset()` method.
ERROR 2020-07-09 18:41:06,054 basehttp 124 "GET /home/banner/ HTTP/1.1" 500 5332
ERROR 2020-07-09 18:41:06,465 exceptions 10 <home.views.BannerListAPIView object at 0x000002BE4D54AF98> GET 'BannerListAPIView' should either include a `queryset` attribute, or override the `get_queryset()` method.
ERROR 2020-07-09 18:41:06,474 basehttp 124 "GET /home/banner/ HTTP/1.1" 500 5332
ERROR 2020-07-09 18:41:06,626 exceptions 10 <home.views.BannerListAPIView object at 0x000002BE4D559A90> GET 'BannerListAPIView' should either include a `queryset` attribute, or override the `get_queryset()` method.
ERROR 2020-07-09 18:41:06,633 basehttp 124 "GET /home/banner/ HTTP/1.1" 500 5332
ERROR 2020-07-09 18:41:06,778 exceptions 10 <home.views.BannerListAPIView object at 0x000002BE4D54A198> GET 'BannerListAPIView' should either include a `queryset` attribute, or override the `get_queryset()` method.
ERROR 2020-07-09 18:41:06,785 basehttp 124 "GET /home/banner/ HTTP/1.1" 500 5332
INFO 2020-07-09 18:41:26,786 basehttp 124 "GET /home/banner/ HTTP/1.1" 200 5256
INFO 2020-07-09 18:41:34,208 basehttp 124 "GET /admin/home/navigation/add/ HTTP/1.1" 200 6758
INFO 2020-07-09 18:41:34,241 basehttp 124 "GET /admin/jsi18n/ HTTP/1.1" 200 3185
INFO 2020-07-09 18:43:14,317 basehttp 124 "POST /admin/home/navigation/add/ HTTP/1.1" 302 0
INFO 2020-07-09 18:43:14,364 basehttp 124 "GET /admin/home/navigation/add/ HTTP/1.1" 200 6980
INFO 2020-07-09 18:43:14,388 basehttp 124 "GET /admin/jsi18n/ HTTP/1.1" 200 3185
INFO 2020-07-09 18:43:14,407 basehttp 124 "GET /static/admin/img/icon-yes.svg HTTP/1.1" 304 0
INFO 2020-07-09 18:43:39,575 basehttp 124 "POST /admin/home/navigation/add/ HTTP/1.1" 302 0
INFO 2020-07-09 18:43:39,625 basehttp 124 "GET /admin/home/navigation/add/ HTTP/1.1" 200 6978
INFO 2020-07-09 18:43:39,649 basehttp 124 "GET /admin/jsi18n/ HTTP/1.1" 200 3185
INFO 2020-07-09 18:44:00,871 basehttp 124 "POST /admin/home/navigation/add/ HTTP/1.1" 302 0
INFO 2020-07-09 18:44:00,917 basehttp 124 "GET /admin/home/navigation/add/ HTTP/1.1" 200 6974
INFO 2020-07-09 18:44:00,941 basehttp 124 "GET /admin/jsi18n/ HTTP/1.1" 200 3185
INFO 2020-07-09 18:44:16,829 basehttp 124 "POST /admin/home/navigation/add/ HTTP/1.1" 302 0
INFO 2020-07-09 18:44:16,878 basehttp 124 "GET /admin/home/navigation/add/ HTTP/1.1" 200 6980
INFO 2020-07-09 18:44:16,901 basehttp 124 "GET /admin/jsi18n/ HTTP/1.1" 200 3185
INFO 2020-07-09 18:44:37,814 basehttp 124 "POST /admin/home/navigation/add/ HTTP/1.1" 302 0
INFO 2020-07-09 18:44:37,861 basehttp 124 "GET /admin/home/navigation/add/ HTTP/1.1" 200 6980
INFO 2020-07-09 18:44:37,885 basehttp 124 "GET /admin/jsi18n/ HTTP/1.1" 200 3185
INFO 2020-07-09 18:45:02,745 basehttp 124 "POST /admin/home/navigation/add/ HTTP/1.1" 302 0
INFO 2020-07-09 18:45:02,804 basehttp 124 "GET /admin/home/navigation/ HTTP/1.1" 200 5707
INFO 2020-07-09 18:45:02,830 basehttp 124 "GET /admin/jsi18n/ HTTP/1.1" 200 3185
INFO 2020-07-09 18:45:06,846 basehttp 124 "GET /admin/ HTTP/1.1" 200 5422
INFO 2020-07-09 18:45:08,575 basehttp 124 "GET /admin/home/banner/add/ HTTP/1.1" 200 6276
INFO 2020-07-09 18:45:08,606 basehttp 124 "GET /admin/jsi18n/ HTTP/1.1" 200 3185
INFO 2020-07-09 18:45:26,585 basehttp 124 "POST /admin/home/banner/add/ HTTP/1.1" 302 0
INFO 2020-07-09 18:45:26,644 basehttp 124 "GET /admin/home/banner/add/ HTTP/1.1" 200 6500
INFO 2020-07-09 18:45:26,666 basehttp 124 "GET /admin/jsi18n/ HTTP/1.1" 200 3185
INFO 2020-07-09 18:45:55,978 basehttp 124 "POST /admin/home/banner/add/ HTTP/1.1" 302 0
INFO 2020-07-09 18:45:56,031 basehttp 124 "GET /admin/home/banner/add/ HTTP/1.1" 200 6497
INFO 2020-07-09 18:45:56,054 basehttp 124 "GET /admin/jsi18n/ HTTP/1.1" 200 3185
INFO 2020-07-09 18:46:23,438 basehttp 124 "POST /admin/home/banner/add/ HTTP/1.1" 302 0
INFO 2020-07-09 18:46:23,497 basehttp 124 "GET /admin/home/banner/ HTTP/1.1" 200 5013
INFO 2020-07-09 18:46:23,521 basehttp 124 "GET /admin/jsi18n/ HTTP/1.1" 200 3185
ERROR 2020-07-09 18:46:26,955 exceptions 10 <home.views.BannerListAPIView object at 0x0000026FFFEA2438> GET ("Creating a ModelSerializer without either the 'fields' attribute or the 'exclude' attribute has been deprecated since 3.3.0, and is now disallowed. Add an explicit fields = '__all__' to the BnnerModelSerializer serializer.",)
ERROR 2020-07-09 18:46:26,963 basehttp 124 "GET /home/banner/ HTTP/1.1" 500 5332
ERROR 2020-07-09 18:48:26,689 exceptions 10 <home.views.BannerListAPIView object at 0x0000012B2AB1FEF0> GET ("Creating a ModelSerializer without either the 'fields' attribute or the 'exclude' attribute has been deprecated since 3.3.0, and is now disallowed. Add an explicit fields = '__all__' to the BnnerModelSerializer serializer.",)
ERROR 2020-07-09 18:48:26,705 basehttp 124 "GET /home/banner/ HTTP/1.1" 500 5332
ERROR 2020-07-09 18:48:27,599 exceptions 10 <home.views.BannerListAPIView object at 0x0000012B2B533400> GET ("Creating a ModelSerializer without either the 'fields' attribute or the 'exclude' attribute has been deprecated since 3.3.0, and is now disallowed. Add an explicit fields = '__all__' to the BnnerModelSerializer serializer.",)
ERROR 2020-07-09 18:48:27,606 basehttp 124 "GET /home/banner/ HTTP/1.1" 500 5332
ERROR 2020-07-09 18:48:27,769 exceptions 10 <home.views.BannerListAPIView object at 0x0000012B2B573D68> GET ("Creating a ModelSerializer without either the 'fields' attribute or the 'exclude' attribute has been deprecated since 3.3.0, and is now disallowed. Add an explicit fields = '__all__' to the BnnerModelSerializer serializer.",)
ERROR 2020-07-09 18:48:27,777 basehttp 124 "GET /home/banner/ HTTP/1.1" 500 5332
ERROR 2020-07-09 18:48:27,950 exceptions 10 <home.views.BannerListAPIView object at 0x0000012B2B53E208> GET ("Creating a ModelSerializer without either the 'fields' attribute or the 'exclude' attribute has been deprecated since 3.3.0, and is now disallowed. Add an explicit fields = '__all__' to the BnnerModelSerializer serializer.",)
ERROR 2020-07-09 18:48:27,958 basehttp 124 "GET /home/banner/ HTTP/1.1" 500 5332
ERROR 2020-07-09 18:48:28,136 exceptions 10 <home.views.BannerListAPIView object at 0x0000012B2B527780> GET ("Creating a ModelSerializer without either the 'fields' attribute or the 'exclude' attribute has been deprecated since 3.3.0, and is now disallowed. Add an explicit fields = '__all__' to the BnnerModelSerializer serializer.",)
ERROR 2020-07-09 18:48:28,144 basehttp 124 "GET /home/banner/ HTTP/1.1" 500 5332
INFO 2020-07-09 18:48:48,015 basehttp 124 "GET /home/banner/ HTTP/1.1" 200 7155
INFO 2020-07-09 18:50:20,382 basehttp 124 "GET /home/banner/ HTTP/1.1" 200 773
INFO 2020-07-09 18:50:20,382 basehttp 124 "GET /home/nav/ HTTP/1.1" 200 446
INFO 2020-07-09 18:50:20,393 basehttp 124 "GET /home/nav/ HTTP/1.1" 200 446
INFO 2020-07-09 18:50:20,518 basehttp 124 "GET /media/banner/02.png HTTP/1.1" 200 364808
INFO 2020-07-09 18:50:20,521 basehttp 124 "GET /media/banner/01.png HTTP/1.1" 200 737783
INFO 2020-07-09 18:50:20,523 basehttp 124 "GET /media/banner/03.png HTTP/1.1" 200 745382
INFO 2020-07-09 18:50:36,509 basehttp 124 "GET /admin/ HTTP/1.1" 200 6289
INFO 2020-07-09 18:50:38,561 basehttp 124 "GET /admin/ HTTP/1.1" 200 6289
INFO 2020-07-09 18:50:39,724 basehttp 124 "GET /admin/ HTTP/1.1" 200 6289
INFO 2020-07-09 18:50:39,923 basehttp 124 "GET /admin/ HTTP/1.1" 200 6289
INFO 2020-07-09 18:50:40,115 basehttp 124 "GET /admin/ HTTP/1.1" 200 6289
INFO 2020-07-09 18:50:40,281 basehttp 124 "GET /admin/ HTTP/1.1" 200 6289
INFO 2020-07-09 18:50:40,457 basehttp 124 "GET /admin/ HTTP/1.1" 200 6289
INFO 2020-07-09 18:50:40,641 basehttp 124 "GET /admin/ HTTP/1.1" 200 6289
INFO 2020-07-09 18:50:40,836 basehttp 124 "GET /admin/ HTTP/1.1" 200 6289
INFO 2020-07-09 19:01:26,661 basehttp 124 "GET /admin/ HTTP/1.1" 200 6927
INFO 2020-07-09 19:01:30,016 basehttp 124 "GET /admin/user/userinfo/ HTTP/1.1" 200 4390
INFO 2020-07-09 19:01:30,047 basehttp 124 "GET /admin/jsi18n/ HTTP/1.1" 200 3185
INFO 2020-07-09 19:01:33,001 basehttp 124 "GET /admin/user/userinfo/1/change/ HTTP/1.1" 200 14417
INFO 2020-07-09 19:01:33,032 basehttp 124 "GET /admin/jsi18n/ HTTP/1.1" 200 3185
INFO 2020-07-09 19:02:00,521 basehttp 124 "POST /admin/user/userinfo/1/change/ HTTP/1.1" 302 0
INFO 2020-07-09 19:02:00,601 basehttp 124 "GET /admin/user/userinfo/ HTTP/1.1" 200 4574
INFO 2020-07-09 19:02:00,628 basehttp 124 "GET /admin/jsi18n/ HTTP/1.1" 200 3185
INFO 2020-07-09 19:35:16,262 basehttp 124 "GET /home/nav/ HTTP/1.1" 200 446
INFO 2020-07-09 19:35:16,263 basehttp 124 "GET /home/banner/ HTTP/1.1" 200 773
INFO 2020-07-09 19:35:16,267 basehttp 124 "GET /home/nav/ HTTP/1.1" 200 446
INFO 2020-07-09 19:35:16,333 basehttp 124 "GET /media/banner/02.png HTTP/1.1" 304 0
INFO 2020-07-09 19:35:16,333 basehttp 124 "GET /media/banner/01.png HTTP/1.1" 304 0
INFO 2020-07-09 19:35:16,333 basehttp 124 "GET /media/banner/03.png HTTP/1.1" 304 0
INFO 2020-07-09 19:35:37,731 basehttp 124 "GET /home/nav/ HTTP/1.1" 200 446
INFO 2020-07-09 19:35:37,734 basehttp 124 "GET /home/banner/ HTTP/1.1" 200 773
INFO 2020-07-09 19:35:37,739 basehttp 124 "GET /home/nav/ HTTP/1.1" 200 446
INFO 2020-07-09 19:35:46,761 basehttp 124 "GET /home/nav/ HTTP/1.1" 200 446
INFO 2020-07-09 19:35:46,765 basehttp 124 "GET /home/banner/ HTTP/1.1" 200 773
INFO 2020-07-09 19:35:46,774 basehttp 124 "GET /home/nav/ HTTP/1.1" 200 446
INFO 2020-07-09 19:44:37,688 basehttp 124 "GET /admin/logout/ HTTP/1.1" 200 1215
INFO 2020-07-09 19:44:39,487 basehttp 124 "GET /admin/ HTTP/1.1" 302 0
INFO 2020-07-09 19:44:39,525 basehttp 124 "GET /admin/login/?next=/admin/ HTTP/1.1" 200 1855
INFO 2020-07-09 19:44:50,968 basehttp 124 "POST /admin/login/?next=/admin/ HTTP/1.1" 302 0
INFO 2020-07-09 19:44:50,988 basehttp 124 "GET /admin/ HTTP/1.1" 200 7217
WARNING 2020-07-09 19:48:53,900 base 93 Not Found: /user/login/
WARNING 2020-07-09 19:48:53,901 basehttp 124 "GET /user/login/ HTTP/1.1" 404 2205
WARNING 2020-07-09 19:50:16,298 basehttp 124 "GET /user/login/ HTTP/1.1" 405 7694
INFO 2020-07-09 19:50:47,615 basehttp 124 "POST /user/login/ HTTP/1.1" 200 7824
INFO 2020-07-09 20:08:33,348 basehttp 124 "GET /home/nav/ HTTP/1.1" 200 446
INFO 2020-07-09 20:08:33,349 basehttp 124 "GET /home/banner/ HTTP/1.1" 200 773
INFO 2020-07-09 20:08:33,364 basehttp 124 "GET /home/nav/ HTTP/1.1" 200 446
INFO 2020-07-09 20:08:33,431 basehttp 124 "GET /media/banner/01.png HTTP/1.1" 304 0
INFO 2020-07-09 20:08:33,433 basehttp 124 "GET /media/banner/02.png HTTP/1.1" 304 0
INFO 2020-07-09 20:08:33,433 basehttp 124 "GET /media/banner/03.png HTTP/1.1" 304 0
INFO 2020-07-09 20:10:23,714 basehttp 124 "OPTIONS /user/login/ HTTP/1.1" 200 0
WARNING 2020-07-09 20:10:23,794 basehttp 124 "POST /user/login/ HTTP/1.1" 400 68
WARNING 2020-07-09 20:10:25,048 basehttp 124 "POST /user/login/ HTTP/1.1" 400 68
WARNING 2020-07-09 20:10:25,673 basehttp 124 "POST /user/login/ HTTP/1.1" 400 68
WARNING 2020-07-09 20:10:25,846 basehttp 124 "POST /user/login/ HTTP/1.1" 400 68
WARNING 2020-07-09 20:10:26,086 basehttp 124 "POST /user/login/ HTTP/1.1" 400 68
WARNING 2020-07-09 20:10:26,273 basehttp 124 "POST /user/login/ HTTP/1.1" 400 68
WARNING 2020-07-09 20:10:26,453 basehttp 124 "POST /user/login/ HTTP/1.1" 400 68
WARNING 2020-07-09 20:10:27,206 basehttp 124 "POST /user/login/ HTTP/1.1" 400 68
WARNING 2020-07-09 20:10:27,399 basehttp 124 "POST /user/login/ HTTP/1.1" 400 68
WARNING 2020-07-09 20:11:24,367 basehttp 124 "POST /user/login/ HTTP/1.1" 400 68
WARNING 2020-07-09 20:12:35,562 basehttp 124 "POST /user/login/ HTTP/1.1" 400 68
WARNING 2020-07-09 20:12:36,356 basehttp 124 "POST /user/login/ HTTP/1.1" 400 68
WARNING 2020-07-09 20:12:36,879 basehttp 124 "POST /user/login/ HTTP/1.1" 400 68
WARNING 2020-07-09 20:12:37,052 basehttp 124 "POST /user/login/ HTTP/1.1" 400 68
WARNING 2020-07-09 20:12:37,225 basehttp 124 "POST /user/login/ HTTP/1.1" 400 68
WARNING 2020-07-09 20:12:37,418 basehttp 124 "POST /user/login/ HTTP/1.1" 400 68
WARNING 2020-07-09 20:12:46,226 basehttp 124 "POST /user/login/ HTTP/1.1" 400 68
INFO 2020-07-09 20:13:06,729 basehttp 124 "POST /user/login/ HTTP/1.1" 200 195
WARNING 2020-07-09 20:14:37,489 base 93 Not Found: /
WARNING 2020-07-09 20:14:37,490 basehttp 124 "GET / HTTP/1.1" 404 2259
WARNING 2020-07-09 20:14:44,721 basehttp 124 "GET /user/login/ HTTP/1.1" 405 7694
INFO 2020-07-09 20:14:57,685 basehttp 124 "POST /user/login/ HTTP/1.1" 200 7824
INFO 2020-07-09 20:41:24,916 basehttp 124 "POST /user/login/ HTTP/1.1" 200 7824
WARNING 2020-07-09 20:41:31,629 basehttp 124 "POST /user/login/ HTTP/1.1" 400 7728
INFO 2020-07-09 20:41:41,726 basehttp 124 "POST /user/login/ HTTP/1.1" 200 7824
INFO 2020-07-09 21:11:23,648 basehttp 124 "POST /user/login/ HTTP/1.1" 200 226
INFO 2020-07-09 21:59:06,179 basehttp 124 "POST /user/login/ HTTP/1.1" 200 226
INFO 2020-07-09 21:59:20,199 basehttp 124 "POST /user/login/ HTTP/1.1" 200 226
ERROR 2020-07-09 21:59:27,488 exceptions 10 <rest_framework_jwt.views.ObtainJSONWebToken object at 0x000002C06AB15358> POST list index out of range
ERROR 2020-07-09 21:59:27,488 basehttp 124 "POST /user/login/ HTTP/1.1" 500 32
ERROR 2020-07-09 21:59:32,041 exceptions 10 <rest_framework_jwt.views.ObtainJSONWebToken object at 0x000002C06AB15F60> POST list index out of range
ERROR 2020-07-09 21:59:32,041 basehttp 124 "POST /user/login/ HTTP/1.1" 500 32
INFO 2020-07-09 22:03:43,163 basehttp 124 "POST /user/login/ HTTP/1.1" 200 226
ERROR 2020-07-09 22:03:47,680 exceptions 10 <rest_framework_jwt.views.ObtainJSONWebToken object at 0x000002C06AB1C6D8> POST list index out of range
ERROR 2020-07-09 22:03:47,681 basehttp 124 "POST /user/login/ HTTP/1.1" 500 32
INFO 2020-07-09 22:03:55,307 basehttp 124 "POST /user/login/ HTTP/1.1" 200 226
WARNING 2020-07-09 22:04:37,126 basehttp 124 "POST /user/login/ HTTP/1.1" 400 89
INFO 2020-07-09 22:04:53,298 basehttp 124 "POST /user/login/ HTTP/1.1" 200 226
INFO 2020-07-09 22:04:53,342 basehttp 124 "GET /home/nav/ HTTP/1.1" 200 446
INFO 2020-07-09 22:04:53,350 basehttp 124 "GET /home/banner/ HTTP/1.1" 200 773
INFO 2020-07-09 22:04:53,357 basehttp 124 "GET /home/nav/ HTTP/1.1" 200 446
INFO 2020-07-09 22:04:53,372 basehttp 124 "GET /media/banner/02.png HTTP/1.1" 304 0
INFO 2020-07-09 22:04:53,373 basehttp 124 "GET /media/banner/01.png HTTP/1.1" 304 0
INFO 2020-07-09 22:04:53,374 basehttp 124 "GET /media/banner/03.png HTTP/1.1" 304 0
INFO 2020-07-09 22:08:38,688 basehttp 124 "POST /user/login/ HTTP/1.1" 200 226
INFO 2020-07-09 22:08:38,728 basehttp 124 "GET /home/nav/ HTTP/1.1" 200 446
INFO 2020-07-09 22:08:38,733 basehttp 124 "GET /home/banner/ HTTP/1.1" 200 773
INFO 2020-07-09 22:08:38,739 basehttp 124 "GET /home/nav/ HTTP/1.1" 200 446
INFO 2020-07-09 22:11:39,369 basehttp 124 "OPTIONS /user/login/ HTTP/1.1" 200 0
INFO 2020-07-09 22:11:39,448 basehttp 124 "POST /user/login/ HTTP/1.1" 200 226
INFO 2020-07-09 22:11:39,497 basehttp 124 "GET /home/nav/ HTTP/1.1" 200 446
INFO 2020-07-09 22:11:39,498 basehttp 124 "GET /home/banner/ HTTP/1.1" 200 773
INFO 2020-07-09 22:11:39,506 basehttp 124 "GET /home/nav/ HTTP/1.1" 200 446
INFO 2020-07-09 22:15:19,788 basehttp 124 "POST /user/login/ HTTP/1.1" 200 226
INFO 2020-07-09 22:15:19,816 basehttp 124 "GET /home/nav/ HTTP/1.1" 200 446
INFO 2020-07-09 22:15:19,818 basehttp 124 "GET /home/banner/ HTTP/1.1" 200 773
INFO 2020-07-09 22:15:19,827 basehttp 124 "GET /home/nav/ HTTP/1.1" 200 446
INFO 2020-07-09 22:15:42,357 basehttp 124 "POST /user/login/ HTTP/1.1" 200 226
INFO 2020-07-09 22:15:42,391 basehttp 124 "GET /home/nav/ HTTP/1.1" 200 446
INFO 2020-07-09 22:15:42,391 basehttp 124 "GET /home/banner/ HTTP/1.1" 200 773
INFO 2020-07-09 22:15:42,398 basehttp 124 "GET /home/nav/ HTTP/1.1" 200 446
INFO 2020-07-09 22:25:30,485 basehttp 124 "GET /home/nav/ HTTP/1.1" 200 446
INFO 2020-07-09 22:30:27,745 basehttp 124 "GET /home/nav/ HTTP/1.1" 200 446
INFO 2020-07-09 22:34:56,266 basehttp 124 "GET /home/nav/ HTTP/1.1" 200 446
INFO 2020-07-09 22:36:10,357 basehttp 124 "GET /home/nav/ HTTP/1.1" 200 446
INFO 2020-07-09 22:36:28,472 basehttp 124 "POST /user/login/ HTTP/1.1" 200 226
INFO 2020-07-09 22:36:28,500 basehttp 124 "GET /home/nav/ HTTP/1.1" 200 446
INFO 2020-07-09 22:36:28,504 basehttp 124 "GET /home/banner/ HTTP/1.1" 200 773
INFO 2020-07-09 22:36:28,510 basehttp 124 "GET /home/nav/ HTTP/1.1" 200 446
INFO 2020-07-09 22:36:28,519 basehttp 124 "GET /media/banner/01.png HTTP/1.1" 304 0
INFO 2020-07-09 22:36:28,520 basehttp 124 "GET /media/banner/03.png HTTP/1.1" 304 0
INFO 2020-07-09 22:36:28,521 basehttp 124 "GET /media/banner/02.png HTTP/1.1" 304 0
INFO 2020-07-09 22:37:52,028 basehttp 124 "GET /home/nav/ HTTP/1.1" 200 446
INFO 2020-07-09 22:37:52,031 basehttp 124 "GET /home/banner/ HTTP/1.1" 200 773
INFO 2020-07-09 22:37:52,036 basehttp 124 "GET /home/nav/ HTTP/1.1" 200 446
INFO 2020-07-09 22:39:08,535 basehttp 124 "POST /user/login/ HTTP/1.1" 200 226
INFO 2020-07-09 22:39:08,569 basehttp 124 "GET /home/nav/ HTTP/1.1" 200 446
INFO 2020-07-09 22:39:08,573 basehttp 124 "GET /home/banner/ HTTP/1.1" 200 773
INFO 2020-07-09 22:39:08,579 basehttp 124 "GET /home/nav/ HTTP/1.1" 200 446
INFO 2020-07-09 22:39:38,852 basehttp 124 "GET /home/nav/ HTTP/1.1" 200 446
INFO 2020-07-09 22:39:38,853 basehttp 124 "GET /home/banner/ HTTP/1.1" 200 773
INFO 2020-07-09 22:39:38,860 basehttp 124 "GET /home/nav/ HTTP/1.1" 200 446
INFO 2020-07-09 22:40:38,383 basehttp 124 "OPTIONS /user/login/ HTTP/1.1" 200 0
INFO 2020-07-09 22:40:38,460 basehttp 124 "POST /user/login/ HTTP/1.1" 200 226
INFO 2020-07-09 22:40:38,491 basehttp 124 "GET /home/nav/ HTTP/1.1" 200 446
INFO 2020-07-09 22:40:38,491 basehttp 124 "GET /home/banner/ HTTP/1.1" 200 773
INFO 2020-07-09 22:40:38,496 basehttp 124 "GET /home/nav/ HTTP/1.1" 200 446
INFO 2020-07-09 22:40:58,399 basehttp 124 "GET /home/banner/ HTTP/1.1" 200 773
INFO 2020-07-09 22:40:58,403 basehttp 124 "GET /home/nav/ HTTP/1.1" 200 446
INFO 2020-07-09 22:40:58,412 basehttp 124 "GET /home/nav/ HTTP/1.1" 200 446
INFO 2020-07-09 22:41:01,587 basehttp 124 "GET /home/nav/ HTTP/1.1" 200 446
INFO 2020-07-09 22:41:01,588 basehttp 124 "GET /home/banner/ HTTP/1.1" 200 773
INFO 2020-07-09 22:41:01,594 basehttp 124 "GET /home/nav/ HTTP/1.1" 200 446
INFO 2020-07-09 22:41:02,692 basehttp 124 "GET /home/nav/ HTTP/1.1" 200 446
INFO 2020-07-09 22:41:02,694 basehttp 124 "GET /home/banner/ HTTP/1.1" 200 773
INFO 2020-07-09 22:41:02,700 basehttp 124 "GET /home/nav/ HTTP/1.1" 200 446
INFO 2020-07-09 22:41:04,707 basehttp 124 "GET /home/nav/ HTTP/1.1" 200 446
INFO 2020-07-09 22:41:04,709 basehttp 124 "GET /home/banner/ HTTP/1.1" 200 773
INFO 2020-07-09 22:41:04,715 basehttp 124 "GET /home/nav/ HTTP/1.1" 200 446
INFO 2020-07-09 22:41:14,913 basehttp 124 "GET /home/nav/ HTTP/1.1" 200 446
INFO 2020-07-09 22:41:14,915 basehttp 124 "GET /home/banner/ HTTP/1.1" 200 773
INFO 2020-07-09 22:41:14,921 basehttp 124 "GET /home/nav/ HTTP/1.1" 200 446
INFO 2020-07-09 22:41:40,142 basehttp 124 "OPTIONS /user/login/ HTTP/1.1" 200 0
INFO 2020-07-09 22:41:40,227 basehttp 124 "POST /user/login/ HTTP/1.1" 200 226
INFO 2020-07-09 22:41:40,263 basehttp 124 "GET /home/nav/ HTTP/1.1" 200 446
INFO 2020-07-09 22:41:40,268 basehttp 124 "GET /home/banner/ HTTP/1.1" 200 773
INFO 2020-07-09 22:41:40,278 basehttp 124 "GET /home/nav/ HTTP/1.1" 200 446
INFO 2020-07-09 22:41:51,506 basehttp 124 "GET /home/nav/ HTTP/1.1" 200 446
INFO 2020-07-09 22:41:51,506 basehttp 124 "GET /home/banner/ HTTP/1.1" 200 773
INFO 2020-07-09 22:41:51,513 basehttp 124 "GET /home/nav/ HTTP/1.1" 200 446
INFO 2020-07-09 22:41:56,213 basehttp 124 "GET /home/nav/ HTTP/1.1" 200 446
INFO 2020-07-09 22:41:56,216 basehttp 124 "GET /home/banner/ HTTP/1.1" 200 773
INFO 2020-07-09 22:41:56,223 basehttp 124 "GET /home/nav/ HTTP/1.1" 200 446
INFO 2020-07-09 22:42:00,675 basehttp 124 "GET /home/nav/ HTTP/1.1" 200 446
INFO 2020-07-09 22:42:00,678 basehttp 124 "GET /home/banner/ HTTP/1.1" 200 773
INFO 2020-07-09 22:42:00,680 basehttp 124 "GET /home/nav/ HTTP/1.1" 200 446
INFO 2020-07-10 07:19:24,502 basehttp 124 "GET /home/banner/ HTTP/1.1" 200 773
INFO 2020-07-10 07:19:24,503 basehttp 124 "GET /home/nav/ HTTP/1.1" 200 446
INFO 2020-07-10 07:19:24,514 basehttp 124 "GET /home/nav/ HTTP/1.1" 200 446
INFO 2020-07-10 07:19:24,545 basehttp 124 "GET /media/banner/01.png HTTP/1.1" 304 0
INFO 2020-07-10 07:19:24,545 basehttp 124 "GET /media/banner/02.png HTTP/1.1" 304 0
INFO 2020-07-10 07:19:24,545 basehttp 124 "GET /media/banner/03.png HTTP/1.1" 304 0
WARNING 2020-07-10 07:48:13,974 base 93 Not Found: /
WARNING 2020-07-10 07:48:13,974 basehttp 124 "GET / HTTP/1.1" 404 2259
WARNING 2020-07-10 07:48:14,872 base 93 Not Found: /favicon.ico
WARNING 2020-07-10 07:48:14,873 basehttp 124 "GET /favicon.ico HTTP/1.1" 404 2310
INFO 2020-07-10 07:48:18,870 basehttp 124 "GET /admin/ HTTP/1.1" 302 0
INFO 2020-07-10 07:48:18,915 basehttp 124 "GET /admin/login/?next=/admin/ HTTP/1.1" 200 1855
INFO 2020-07-10 07:48:18,930 basehttp 124 "GET /static/admin/css/base.css HTTP/1.1" 304 0
INFO 2020-07-10 07:48:18,930 basehttp 124 "GET /static/admin/css/login.css HTTP/1.1" 304 0
INFO 2020-07-10 07:48:18,930 basehttp 124 "GET /static/admin/css/responsive.css HTTP/1.1" 304 0
INFO 2020-07-10 07:48:19,892 basehttp 124 "GET /admin/ HTTP/1.1" 302 0
INFO 2020-07-10 07:48:19,909 basehttp 124 "GET /admin/login/?next=/admin/ HTTP/1.1" 200 1855
INFO 2020-07-10 07:48:19,931 basehttp 124 "GET /static/admin/css/fonts.css HTTP/1.1" 304 0
INFO 2020-07-10 07:48:19,966 basehttp 124 "GET /static/admin/fonts/Roboto-Regular-webfont.woff HTTP/1.1" 304 0
INFO 2020-07-10 07:48:19,969 basehttp 124 "GET /static/admin/fonts/Roboto-Light-webfont.woff HTTP/1.1" 304 0
INFO 2020-07-10 07:48:31,105 basehttp 124 "POST /admin/login/?next=/admin/ HTTP/1.1" 302 0
INFO 2020-07-10 07:48:31,127 basehttp 124 "GET /admin/ HTTP/1.1" 200 7217
INFO 2020-07-10 07:48:31,146 basehttp 124 "GET /static/admin/css/dashboard.css HTTP/1.1" 304 0
INFO 2020-07-10 07:48:31,157 basehttp 124 "GET /static/admin/img/icon-addlink.svg HTTP/1.1" 304 0
INFO 2020-07-10 07:48:31,158 basehttp 124 "GET /static/admin/img/icon-changelink.svg HTTP/1.1" 304 0
INFO 2020-07-10 07:48:31,177 basehttp 124 "GET /static/admin/fonts/Roboto-Bold-webfont.woff HTTP/1.1" 304 0
INFO 2020-07-10 07:48:33,424 basehttp 124 "GET /admin/user/userinfo/add/ HTTP/1.1" 200 14024
INFO 2020-07-10 07:48:33,445 basehttp 124 "GET /static/admin/css/forms.css HTTP/1.1" 304 0
INFO 2020-07-10 07:48:33,469 basehttp 124 "GET /static/admin/js/jquery.init.js HTTP/1.1" 304 0
INFO 2020-07-10 07:48:33,469 basehttp 124 "GET /static/admin/js/vendor/jquery/jquery.js HTTP/1.1" 304 0
INFO 2020-07-10 07:48:33,470 basehttp 124 "GET /static/admin/js/actions.js HTTP/1.1" 304 0
INFO 2020-07-10 07:48:33,470 basehttp 124 "GET /static/admin/js/admin/RelatedObjectLookups.js HTTP/1.1" 304 0
INFO 2020-07-10 07:48:33,470 basehttp 124 "GET /static/admin/js/core.js HTTP/1.1" 304 0
INFO 2020-07-10 07:48:33,476 basehttp 124 "GET /admin/jsi18n/ HTTP/1.1" 200 3185
INFO 2020-07-10 07:48:33,483 basehttp 124 "GET /static/admin/css/widgets.css HTTP/1.1" 304 0
INFO 2020-07-10 07:48:33,483 basehttp 124 "GET /static/admin/js/vendor/xregexp/xregexp.js HTTP/1.1" 304 0
INFO 2020-07-10 07:48:33,486 basehttp 124 "GET /static/admin/js/prepopulate.js HTTP/1.1" 304 0
INFO 2020-07-10 07:48:33,487 basehttp 124 "GET /static/admin/js/urlify.js HTTP/1.1" 304 0
INFO 2020-07-10 07:48:33,501 basehttp 124 "GET /static/admin/js/calendar.js HTTP/1.1" 200 7777
INFO 2020-07-10 07:48:33,504 basehttp 124 "GET /static/admin/js/admin/DateTimeShortcuts.js HTTP/1.1" 200 20283
INFO 2020-07-10 07:48:33,528 basehttp 124 "GET /static/admin/js/change_form.js HTTP/1.1" 304 0
INFO 2020-07-10 07:48:33,529 basehttp 124 "GET /static/admin/js/prepopulate_init.js HTTP/1.1" 304 0
INFO 2020-07-10 07:48:33,664 basehttp 124 "GET /static/admin/img/icon-calendar.svg HTTP/1.1" 200 1086
INFO 2020-07-10 07:48:33,664 basehttp 124 "GET /static/admin/img/icon-clock.svg HTTP/1.1" 200 677
INFO 2020-07-10 07:48:59,738 basehttp 124 "GET /admin/auth/group/add/?_to_field=id&_popup=1 HTTP/1.1" 200 5855
INFO 2020-07-10 07:48:59,763 basehttp 124 "GET /static/admin/js/SelectBox.js HTTP/1.1" 304 0
INFO 2020-07-10 07:48:59,763 basehttp 124 "GET /static/admin/js/SelectFilter2.js HTTP/1.1" 304 0
INFO 2020-07-10 07:48:59,764 basehttp 124 "GET /admin/jsi18n/ HTTP/1.1" 200 3185
INFO 2020-07-10 07:48:59,818 basehttp 124 "GET /static/admin/img/icon-unknown.svg HTTP/1.1" 304 0
INFO 2020-07-10 07:48:59,819 basehttp 124 "GET /static/admin/img/search.svg HTTP/1.1" 304 0
INFO 2020-07-10 07:48:59,820 basehttp 124 "GET /static/admin/img/selector-icons.svg HTTP/1.1" 304 0
INFO 2020-07-10 07:48:59,820 basehttp 124 "GET /static/admin/img/icon-unknown-alt.svg HTTP/1.1" 304 0
INFO 2020-07-10 07:49:14,722 basehttp 124 "POST /admin/auth/group/add/?_to_field=id&_popup=1 HTTP/1.1" 200 6241
INFO 2020-07-10 07:49:14,813 basehttp 124 "GET /admin/jsi18n/ HTTP/1.1" 200 3185
INFO 2020-07-10 07:50:09,957 basehttp 124 "POST /admin/auth/group/add/?_to_field=id&_popup=1 HTTP/1.1" 200 379
INFO 2020-07-10 07:50:10,046 basehttp 124 "GET /static/admin/js/popup_response.js HTTP/1.1" 200 569
INFO 2020-07-10 07:50:59,180 basehttp 124 "POST /admin/user/userinfo/add/ HTTP/1.1" 200 14315
INFO 2020-07-10 07:50:59,251 basehttp 124 "GET /admin/jsi18n/ HTTP/1.1" 200 3185
INFO 2020-07-10 07:51:13,276 basehttp 124 "POST /admin/user/userinfo/add/ HTTP/1.1" 200 14287
INFO 2020-07-10 07:51:13,338 basehttp 124 "GET /admin/jsi18n/ HTTP/1.1" 200 3185
INFO 2020-07-10 07:51:21,614 basehttp 124 "POST /admin/user/userinfo/add/ HTTP/1.1" 302 0
INFO 2020-07-10 07:51:21,697 basehttp 124 "GET /admin/user/userinfo/ HTTP/1.1" 200 4790
INFO 2020-07-10 07:51:21,718 basehttp 124 "GET /static/admin/css/changelists.css HTTP/1.1" 304 0
INFO 2020-07-10 07:51:21,720 basehttp 124 "GET /admin/jsi18n/ HTTP/1.1" 200 3185
INFO 2020-07-10 07:51:21,741 basehttp 124 "GET /static/admin/img/tooltag-add.svg HTTP/1.1" 304 0
INFO 2020-07-10 07:51:21,741 basehttp 124 "GET /static/admin/img/icon-yes.svg HTTP/1.1" 304 0
WARNING 2020-07-10 07:51:32,567 base 93 Not Found: /
WARNING 2020-07-10 07:51:32,567 basehttp 124 "GET / HTTP/1.1" 404 2259
INFO 2020-07-10 07:51:47,050 basehttp 124 "GET /user/captche HTTP/1.1" 301 0
WARNING 2020-07-10 07:51:47,081 basehttp 124 "GET /user/captche/ HTTP/1.1" 405 7704
INFO 2020-07-10 07:51:47,114 basehttp 124 "GET /static/rest_framework/css/bootstrap-tweaks.css HTTP/1.1" 304 0
INFO 2020-07-10 07:51:47,114 basehttp 124 "GET /static/rest_framework/css/default.css HTTP/1.1" 304 0
INFO 2020-07-10 07:51:47,114 basehttp 124 "GET /static/rest_framework/css/bootstrap.min.css HTTP/1.1" 304 0
INFO 2020-07-10 07:51:47,115 basehttp 124 "GET /static/rest_framework/css/prettify.css HTTP/1.1" 304 0
INFO 2020-07-10 07:51:47,115 basehttp 124 "GET /static/rest_framework/js/jquery-3.4.1.min.js HTTP/1.1" 304 0
INFO 2020-07-10 07:51:47,115 basehttp 124 "GET /static/rest_framework/js/ajax-form.js HTTP/1.1" 304 0
INFO 2020-07-10 07:51:47,124 basehttp 124 "GET /static/rest_framework/js/csrf.js HTTP/1.1" 304 0
INFO 2020-07-10 07:51:47,129 basehttp 124 "GET /static/rest_framework/js/default.js HTTP/1.1" 304 0
INFO 2020-07-10 07:51:47,129 basehttp 124 "GET /static/rest_framework/js/bootstrap.min.js HTTP/1.1" 304 0
INFO 2020-07-10 07:51:47,129 basehttp 124 "GET /static/rest_framework/js/prettify-min.js HTTP/1.1" 304 0
INFO 2020-07-10 07:51:47,146 basehttp 124 "GET /static/rest_framework/img/grid.png HTTP/1.1" 304 0
WARNING 2020-07-10 07:52:04,777 basehttp 124 "POST /user/captche/ HTTP/1.1" 400 7742
INFO 2020-07-10 07:52:20,363 basehttp 124 "OPTIONS /user/captche/ HTTP/1.1" 200 8701
INFO 2020-07-10 07:52:23,596 basehttp 124 "OPTIONS /user/captche/ HTTP/1.1" 200 8701
WARNING 2020-07-10 07:52:35,453 basehttp 124 "POST /user/captche/ HTTP/1.1" 400 7985
INFO 2020-07-10 08:17:40,296 basehttp 124 "OPTIONS /user/captche/ HTTP/1.1" 200 0
WARNING 2020-07-10 08:17:40,302 basehttp 124 "GET /user/captche/ HTTP/1.1" 405 40
WARNING 2020-07-10 08:17:50,675 basehttp 124 "GET /user/captche/ HTTP/1.1" 405 40
INFO 2020-07-10 08:25:53,456 basehttp 124 "GET /home/banner/ HTTP/1.1" 200 773
INFO 2020-07-10 08:25:53,458 basehttp 124 "GET /home/nav/ HTTP/1.1" 200 446
INFO 2020-07-10 08:25:53,481 basehttp 124 "GET /home/nav/ HTTP/1.1" 200 446
ERROR 2020-07-10 08:26:04,571 exceptions 10 <user.views.Captche object at 0x0000023043FCD550> GET 'username'
ERROR 2020-07-10 08:26:04,571 basehttp 124 "GET /user/captche/ HTTP/1.1" 500 32
ERROR 2020-07-10 08:31:42,172 exceptions 10 <user.views.Captche object at 0x000001EC9B53C898> GET 'username'
ERROR 2020-07-10 08:31:42,172 basehttp 124 "GET /user/captche/ HTTP/1.1" 500 32
ERROR 2020-07-10 08:33:01,299 exceptions 10 <user.views.Captche object at 0x00000139DCB7F208> GET list index out of range
ERROR 2020-07-10 08:33:01,300 basehttp 124 "GET /user/captche/ HTTP/1.1" 500 32
ERROR 2020-07-10 08:33:25,642 exceptions 10 <user.views.Captche object at 0x00000209DA1F0FD0> GET list index out of range
ERROR 2020-07-10 08:33:25,642 basehttp 124 "GET /user/captche/ HTTP/1.1" 500 32
ERROR 2020-07-10 08:33:51,197 exceptions 10 <user.views.Captche object at 0x00000209DA24DF28> GET list index out of range
ERROR 2020-07-10 08:33:51,198 basehttp 124 "GET /user/captche/ HTTP/1.1" 500 32
INFO 2020-07-10 08:34:28,956 basehttp 124 "GET /admin/user/userinfo/1/change/ HTTP/1.1" 200 14580
INFO 2020-07-10 08:34:28,987 basehttp 124 "GET /admin/jsi18n/ HTTP/1.1" 200 3185
INFO 2020-07-10 08:34:36,154 basehttp 124 "GET /admin/user/userinfo/ HTTP/1.1" 200 4609
INFO 2020-07-10 08:34:37,531 basehttp 124 "GET /admin/user/userinfo/2/change/ HTTP/1.1" 200 14454
INFO 2020-07-10 08:34:37,557 basehttp 124 "GET /admin/jsi18n/ HTTP/1.1" 200 3185
ERROR 2020-07-10 08:35:20,062 exceptions 10 <user.views.Captche object at 0x00000280DE85B400> GET list index out of range
ERROR 2020-07-10 08:35:20,063 basehttp 124 "GET /user/captche/ HTTP/1.1" 500 32
INFO 2020-07-10 08:37:59,752 basehttp 124 "GET /user/captche/?username=feir HTTP/1.1" 200 163
INFO 2020-07-10 08:38:32,531 basehttp 124 "GET /user/captche/?username=feir HTTP/1.1" 200 163
INFO 2020-07-10 08:41:13,614 basehttp 124 "GET /user/captche/?username=feir HTTP/1.1" 200 163
INFO 2020-07-10 08:43:32,641 basehttp 124 "GET /user/captche/?username=feir HTTP/1.1" 200 163
INFO 2020-07-10 08:43:53,126 basehttp 124 "GET /user/captche/?username=feir HTTP/1.1" 200 163
ERROR 2020-07-10 08:45:01,686 exceptions 10 <user.views.Captche object at 0x000001922C792128> GET list index out of range
ERROR 2020-07-10 08:45:01,688 basehttp 124 "GET /user/captche/?username= HTTP/1.1" 500 32
INFO 2020-07-10 08:45:14,884 basehttp 124 "GET /user/captche/?username=feir HTTP/1.1" 200 163
INFO 2020-07-10 08:49:15,011 basehttp 124 "GET /user/captche/?username=feir HTTP/1.1" 200 163
INFO 2020-07-10 08:54:37,254 basehttp 124 "GET /user/captche/?username=feir HTTP/1.1" 200 163
ERROR 2020-07-10 08:55:07,787 exceptions 10 <user.views.Captche object at 0x000001804AA9A978> GET list index out of range
ERROR 2020-07-10 08:55:07,788 basehttp 124 "GET /user/captche/?username= HTTP/1.1" 500 32
INFO 2020-07-10 08:55:18,920 basehttp 124 "GET /user/captche/?username=feir HTTP/1.1" 200 163
INFO 2020-07-10 08:56:34,255 basehttp 124 "GET /user/captche/?username=feir HTTP/1.1" 200 163
INFO 2020-07-10 08:57:03,233 basehttp 124 "GET /user/captche/?username=feir HTTP/1.1" 200 163
INFO 2020-07-10 08:58:19,633 basehttp 124 "GET /user/captche/?username=feir HTTP/1.1" 200 163
INFO 2020-07-10 09:01:07,639 basehttp 124 "GET /user/captche/?username=feir HTTP/1.1" 200 163
INFO 2020-07-10 09:02:53,887 basehttp 124 "GET /user/captche/?username=feir HTTP/1.1" 200 163
INFO 2020-07-10 09:05:43,588 basehttp 124 "GET /user/captche/?username=feir HTTP/1.1" 200 163
INFO 2020-07-10 09:07:52,342 basehttp 124 "GET /user/captche/?username=feir HTTP/1.1" 200 163
INFO 2020-07-10 09:10:53,614 basehttp 124 "GET /admin/logout/ HTTP/1.1" 200 1215
INFO 2020-07-10 09:10:55,034 basehttp 124 "GET /admin/ HTTP/1.1" 302 0
INFO 2020-07-10 09:10:55,051 basehttp 124 "GET /admin/login/?next=/admin/ HTTP/1.1" 200 1855
INFO 2020-07-10 09:11:00,507 basehttp 124 "POST /admin/login/?next=/admin/ HTTP/1.1" 200 2015
INFO 2020-07-10 09:11:17,994 basehttp 124 "POST /admin/login/?next=/admin/ HTTP/1.1" 302 0
INFO 2020-07-10 09:11:18,015 basehttp 124 "GET /admin/ HTTP/1.1" 200 7206
INFO 2020-07-10 09:11:35,948 basehttp 124 "GET /user/captche/?username=admin HTTP/1.1" 200 163
INFO 2020-07-10 09:11:51,452 basehttp 124 "GET /user/captche/?username=admin HTTP/1.1" 200 163
INFO 2020-07-10 09:21:05,728 basehttp 124 "GET /user/captche/?username=admin HTTP/1.1" 200 163
INFO 2020-07-10 09:21:13,650 basehttp 124 "POST /user/captche/ HTTP/1.1" 200 40
INFO 2020-07-10 09:21:13,661 basehttp 124 "OPTIONS /user/login/ HTTP/1.1" 200 0
INFO 2020-07-10 09:21:13,740 basehttp 124 "POST /user/login/ HTTP/1.1" 200 226
INFO 2020-07-10 09:21:13,797 basehttp 124 "GET /home/nav/ HTTP/1.1" 200 446
INFO 2020-07-10 09:21:13,801 basehttp 124 "GET /home/banner/ HTTP/1.1" 200 773
INFO 2020-07-10 09:21:13,810 basehttp 124 "GET /home/nav/ HTTP/1.1" 200 446
INFO 2020-07-10 09:21:13,822 basehttp 124 "GET /media/banner/02.png HTTP/1.1" 304 0
INFO 2020-07-10 09:21:13,823 basehttp 124 "GET /media/banner/01.png HTTP/1.1" 304 0
INFO 2020-07-10 09:21:13,823 basehttp 124 "GET /media/banner/03.png HTTP/1.1" 304 0
INFO 2020-07-10 09:24:14,449 basehttp 124 "GET /user/captche/?username=admin HTTP/1.1" 200 163
INFO 2020-07-10 09:24:55,307 basehttp 124 "GET /user/captche/?username=admin HTTP/1.1" 200 163
INFO 2020-07-10 09:25:08,843 basehttp 124 "GET /user/captche/?username=admin HTTP/1.1" 200 163
INFO 2020-07-10 09:25:34,847 basehttp 124 "GET /user/captche/?username=admin HTTP/1.1" 200 163
INFO 2020-07-10 09:25:40,338 basehttp 124 "POST /user/captche/ HTTP/1.1" 200 40
INFO 2020-07-10 09:25:40,423 basehttp 124 "POST /user/login/ HTTP/1.1" 200 226
INFO 2020-07-10 09:25:40,479 basehttp 124 "GET /home/nav/ HTTP/1.1" 200 446
INFO 2020-07-10 09:25:40,482 basehttp 124 "GET /home/banner/ HTTP/1.1" 200 773
INFO 2020-07-10 09:25:40,487 basehttp 124 "GET /home/nav/ HTTP/1.1" 200 446
